<?xml version="1.0" encoding="UTF-8"?>
<testng-results ignored="0" total="1" passed="1" failed="0" skipped="0">
  <reporter-output>
  </reporter-output>
  <suite started-at="2020-05-04T09:31:27Z" name="Default suite" finished-at="2020-05-04T09:31:32Z" duration-ms="4259">
    <groups>
    </groups>
    <test started-at="2020-05-04T09:31:27Z" name="Default test" finished-at="2020-05-04T09:31:32Z" duration-ms="4259">
      <class name="oAuth.SpecBuilderTest">
        <test-method signature="serializetest()[pri:0, instance:oAuth.SpecBuilderTest@7d3e8655]" started-at="2020-05-04T09:31:27Z" name="serializetest" finished-at="2020-05-04T09:31:32Z" duration-ms="4211" status="PASS">
          <reporter-output>
          </reporter-output>
        </test-method> <!-- serializetest -->
      </class> <!-- oAuth.SpecBuilderTest -->
    </test> <!-- Default test -->
  </suite> <!-- Default suite -->
</testng-results>
